[2022-06-10 17:07:22] [INFO] start phase [encrypt] success (github.com/mensylisir/kmpp-middleware/src/server.Server.initialize: 121) {map[]} 
[2022-06-10 17:07:22] [INFO] start phase [db] success (github.com/mensylisir/kmpp-middleware/src/server.Server.initialize: 121) {map[]} 
[2022-06-10 17:07:22] [INFO] no databases change,skip migrate (github.com/mensylisir/kmpp-middleware/src/migrate.(*InitMigrateDBPhase).Init: 75) {map[]} 
[2022-06-10 17:07:22] [INFO] start phase [migrate] success (github.com/mensylisir/kmpp-middleware/src/server.Server.initialize: 121) {map[]} 
[2022-06-10 17:07:22] [INFO] start phase [cron] success (github.com/mensylisir/kmpp-middleware/src/server.Server.initialize: 121) {map[]} 
[2022-06-10 17:07:26] [INFO] [Recovery] 2022/06/10 - 17:07:26 panic recovered:
can't preload field cluster for model.Instance
C:/Users/mensyli1/work/workspace/mwpath/pkg/mod/github.com/toolkits/pkg@v1.2.9/errorx/errorx.go:40 (0x1d0abfa)
	Dangerous: }
C:/Users/mensyli1/work/workspace/mwpath/pkg/mod/github.com/toolkits/pkg@v1.2.9/ginx/errorx.go:10 (0x1d3feca)
	Dangerous: }
C:/Users/mensyli1/work/workspace/middleware/src/controller/postgres/postgres.go:108 (0x1d3feb3)
	Page: }
C:/Users/mensyli1/work/workspace/mwpath/pkg/mod/github.com/gin-gonic/gin@v1.7.7/context.go:168 (0x1d43467)
	(*Context).Next: c.index++
C:/Users/mensyli1/work/workspace/middleware/src/util/aop/jwt.go:19 (0x1d4344e)
	Auth.func1: 
C:/Users/mensyli1/work/workspace/mwpath/pkg/mod/github.com/gin-gonic/gin@v1.7.7/context.go:168 (0x1d4358b)
	(*Context).Next: c.index++
C:/Users/mensyli1/work/workspace/middleware/src/util/aop/logrus.go:62 (0x1d43568)
	Logrus.func1: //结束时间
C:/Users/mensyli1/work/workspace/mwpath/pkg/mod/github.com/gin-gonic/gin@v1.7.7/context.go:168 (0x1d424fa)
	(*Context).Next: c.index++
C:/Users/mensyli1/work/workspace/middleware/src/util/aop/recovery.go:94 (0x1d424e6)
	CustomRecoveryWithWriter.func1: }
C:/Users/mensyli1/work/workspace/mwpath/pkg/mod/github.com/gin-gonic/gin@v1.7.7/context.go:168 (0x1c7ce70)
	(*Context).Next: c.index++
C:/Users/mensyli1/work/workspace/mwpath/pkg/mod/github.com/gin-gonic/gin@v1.7.7/gin.go:555 (0x1c7cad8)
	(*Engine).handleHTTPRequest: c.writermem.WriteHeaderNow()
C:/Users/mensyli1/work/workspace/mwpath/pkg/mod/github.com/gin-gonic/gin@v1.7.7/gin.go:511 (0x1c7c611)
	(*Engine).ServeHTTP: 
C:/install/Dev/Env/Go/src/net/http/server.go:2879 (0xfd4a7a)
	serverHandler.ServeHTTP: }
C:/install/Dev/Env/Go/src/net/http/server.go:1930 (0xfd0127)
	(*conn).serve: w.cancelCtx()
C:/install/Dev/Env/Go/src/runtime/asm_amd64.s:1581 (0xd24b00)
	goexit: CALL	runtime·goexit1(SB)	// does not return
[0m (github.com/mensylisir/kmpp-middleware/src/util/aop.CustomRecoveryWithWriter.func1.1: 82) {map[]} 
[2022-06-10 17:07:39] [INFO] start phase [encrypt] success (github.com/mensylisir/kmpp-middleware/src/server.Server.initialize: 121) {map[]} 
[2022-06-10 17:07:39] [INFO] start phase [db] success (github.com/mensylisir/kmpp-middleware/src/server.Server.initialize: 121) {map[]} 
[2022-06-10 17:07:39] [INFO] no databases change,skip migrate (github.com/mensylisir/kmpp-middleware/src/migrate.(*InitMigrateDBPhase).Init: 75) {map[]} 
[2022-06-10 17:07:39] [INFO] start phase [migrate] success (github.com/mensylisir/kmpp-middleware/src/server.Server.initialize: 121) {map[]} 
[2022-06-10 17:07:39] [INFO] start phase [cron] success (github.com/mensylisir/kmpp-middleware/src/server.Server.initialize: 121) {map[]} 
[2022-06-10 17:07:41] [INFO] [Recovery] 2022/06/10 - 17:07:41 panic recovered:
can't preload field cluster for model.Instance
C:/Users/mensyli1/work/workspace/mwpath/pkg/mod/github.com/toolkits/pkg@v1.2.9/errorx/errorx.go:40 (0x17dabfa)
	Dangerous: }
C:/Users/mensyli1/work/workspace/mwpath/pkg/mod/github.com/toolkits/pkg@v1.2.9/ginx/errorx.go:10 (0x180feca)
	Dangerous: }
C:/Users/mensyli1/work/workspace/middleware/src/controller/postgres/postgres.go:108 (0x180feb3)
	Page: }
C:/Users/mensyli1/work/workspace/mwpath/pkg/mod/github.com/gin-gonic/gin@v1.7.7/context.go:168 (0x1813467)
	(*Context).Next: c.index++
C:/Users/mensyli1/work/workspace/middleware/src/util/aop/jwt.go:19 (0x181344e)
	Auth.func1: 
C:/Users/mensyli1/work/workspace/mwpath/pkg/mod/github.com/gin-gonic/gin@v1.7.7/context.go:168 (0x181358b)
	(*Context).Next: c.index++
C:/Users/mensyli1/work/workspace/middleware/src/util/aop/logrus.go:62 (0x1813568)
	Logrus.func1: //结束时间
C:/Users/mensyli1/work/workspace/mwpath/pkg/mod/github.com/gin-gonic/gin@v1.7.7/context.go:168 (0x18124fa)
	(*Context).Next: c.index++
C:/Users/mensyli1/work/workspace/middleware/src/util/aop/recovery.go:94 (0x18124e6)
	CustomRecoveryWithWriter.func1: }
C:/Users/mensyli1/work/workspace/mwpath/pkg/mod/github.com/gin-gonic/gin@v1.7.7/context.go:168 (0x174ce70)
	(*Context).Next: c.index++
C:/Users/mensyli1/work/workspace/mwpath/pkg/mod/github.com/gin-gonic/gin@v1.7.7/gin.go:555 (0x174cad8)
	(*Engine).handleHTTPRequest: c.writermem.WriteHeaderNow()
C:/Users/mensyli1/work/workspace/mwpath/pkg/mod/github.com/gin-gonic/gin@v1.7.7/gin.go:511 (0x174c611)
	(*Engine).ServeHTTP: 
C:/install/Dev/Env/Go/src/net/http/server.go:2879 (0xaa4a7a)
	serverHandler.ServeHTTP: }
C:/install/Dev/Env/Go/src/net/http/server.go:1930 (0xaa0127)
	(*conn).serve: w.cancelCtx()
C:/install/Dev/Env/Go/src/runtime/asm_amd64.s:1581 (0x7f4b00)
	goexit: CALL	runtime·goexit1(SB)	// does not return
[0m (github.com/mensylisir/kmpp-middleware/src/util/aop.CustomRecoveryWithWriter.func1.1: 82) {map[]} 
