[2022-06-13 16:16:14] [INFO]  (github.com/mensylisir/kmpp-middleware/src/util/aop.Logrus.func1: 83) {map[client_ip:172.30.1.117 latency_time:7.8517ms req_method:GET req_uri:/api/v1/postgressqls?page=1&size=50&user_id=5e81095f-3c0c-4cb2-8033-bde03d601357 status_code:200]} 
[2022-06-13 16:16:16] [INFO]  (github.com/mensylisir/kmpp-middleware/src/util/aop.Logrus.func1: 83) {map[client_ip:172.30.1.117 latency_time:10.0406ms req_method:GET req_uri:/api/v1/postgressqls?page=1&size=50&user_id=5e81095f-3c0c-4cb2-8033-bde03d601357 status_code:200]} 
[2022-06-13 16:16:44] [INFO]  (github.com/mensylisir/kmpp-middleware/src/util/aop.Logrus.func1: 83) {map[client_ip:172.30.1.117 latency_time:11.5579ms req_method:GET req_uri:/api/v1/postgressqls?page=1&size=50&user_id=5e81095f-3c0c-4cb2-8033-bde03d601357 status_code:200]} 
[2022-06-13 16:16:55] [INFO] [Recovery] 2022/06/13 - 16:16:55 panic recovered:
invalid connection
C:/Users/mensyli1/work/workspace/mwpath/pkg/mod/github.com/toolkits/pkg@v1.2.9/errorx/errorx.go:40 (0x13188da)
	Dangerous: }
C:/Users/mensyli1/work/workspace/mwpath/pkg/mod/github.com/toolkits/pkg@v1.2.9/ginx/errorx.go:10 (0x1349e0a)
	Dangerous: }
C:/Users/mensyli1/work/workspace/middleware/src/controller/cluster/cluster.go:54 (0x1349df3)
	GetClusterByUserId: }
C:/Users/mensyli1/work/workspace/mwpath/pkg/mod/github.com/gin-gonic/gin@v1.7.7/context.go:168 (0x1350d4b)
	(*Context).Next: c.index++
C:/Users/mensyli1/work/workspace/middleware/src/util/aop/logrus.go:62 (0x1350d28)
	Logrus.func1: //结束时间
C:/Users/mensyli1/work/workspace/mwpath/pkg/mod/github.com/gin-gonic/gin@v1.7.7/context.go:168 (0x134fdda)
	(*Context).Next: c.index++
C:/Users/mensyli1/work/workspace/middleware/src/util/aop/recovery.go:94 (0x134fdc6)
	CustomRecoveryWithWriter.func1: }
C:/Users/mensyli1/work/workspace/mwpath/pkg/mod/github.com/gin-gonic/gin@v1.7.7/context.go:168 (0x128ab50)
	(*Context).Next: c.index++
C:/Users/mensyli1/work/workspace/mwpath/pkg/mod/github.com/gin-gonic/gin@v1.7.7/gin.go:555 (0x128a7b8)
	(*Engine).handleHTTPRequest: c.writermem.WriteHeaderNow()
C:/Users/mensyli1/work/workspace/mwpath/pkg/mod/github.com/gin-gonic/gin@v1.7.7/gin.go:511 (0x128a2f1)
	(*Engine).ServeHTTP: 
C:/install/Dev/Env/Go/src/net/http/server.go:2879 (0x561d7a)
	serverHandler.ServeHTTP: }
C:/install/Dev/Env/Go/src/net/http/server.go:1930 (0x55d427)
	(*conn).serve: w.cancelCtx()
C:/install/Dev/Env/Go/src/runtime/asm_amd64.s:1581 (0x2aab60)
	goexit: CALL	runtime·goexit1(SB)	// does not return
[0m (github.com/mensylisir/kmpp-middleware/src/util/aop.CustomRecoveryWithWriter.func1.1: 82) {map[]} 
[2022-06-13 16:16:55] [INFO] [Recovery] 2022/06/13 - 16:16:55 panic recovered:
invalid connection
C:/Users/mensyli1/work/workspace/mwpath/pkg/mod/github.com/toolkits/pkg@v1.2.9/errorx/errorx.go:40 (0x13188da)
	Dangerous: }
C:/Users/mensyli1/work/workspace/mwpath/pkg/mod/github.com/toolkits/pkg@v1.2.9/ginx/errorx.go:10 (0x134de8c)
	Dangerous: }
C:/Users/mensyli1/work/workspace/middleware/src/controller/templates/templates.go:42 (0x134de75)
	GetByName: }
C:/Users/mensyli1/work/workspace/mwpath/pkg/mod/github.com/gin-gonic/gin@v1.7.7/context.go:168 (0x1350d4b)
	(*Context).Next: c.index++
C:/Users/mensyli1/work/workspace/middleware/src/util/aop/logrus.go:62 (0x1350d28)
	Logrus.func1: //结束时间
C:/Users/mensyli1/work/workspace/mwpath/pkg/mod/github.com/gin-gonic/gin@v1.7.7/context.go:168 (0x134fdda)
	(*Context).Next: c.index++
C:/Users/mensyli1/work/workspace/middleware/src/util/aop/recovery.go:94 (0x134fdc6)
	CustomRecoveryWithWriter.func1: }
C:/Users/mensyli1/work/workspace/mwpath/pkg/mod/github.com/gin-gonic/gin@v1.7.7/context.go:168 (0x128ab50)
	(*Context).Next: c.index++
C:/Users/mensyli1/work/workspace/mwpath/pkg/mod/github.com/gin-gonic/gin@v1.7.7/gin.go:555 (0x128a7b8)
	(*Engine).handleHTTPRequest: c.writermem.WriteHeaderNow()
C:/Users/mensyli1/work/workspace/mwpath/pkg/mod/github.com/gin-gonic/gin@v1.7.7/gin.go:511 (0x128a2f1)
	(*Engine).ServeHTTP: 
C:/install/Dev/Env/Go/src/net/http/server.go:2879 (0x561d7a)
	serverHandler.ServeHTTP: }
C:/install/Dev/Env/Go/src/net/http/server.go:1930 (0x55d427)
	(*conn).serve: w.cancelCtx()
C:/install/Dev/Env/Go/src/runtime/asm_amd64.s:1581 (0x2aab60)
	goexit: CALL	runtime·goexit1(SB)	// does not return
[0m (github.com/mensylisir/kmpp-middleware/src/util/aop.CustomRecoveryWithWriter.func1.1: 82) {map[]} 
