[2022-06-10 11:03:06] [INFO] [Recovery] 2022/06/10 - 11:03:06 panic recovered:
Error 1040: Too many connections
C:/Users/mensyli1/work/workspace/mwpath/pkg/mod/github.com/toolkits/pkg@v1.2.9/errorx/errorx.go:40 (0x11cb9ba)
	Dangerous: }
C:/Users/mensyli1/work/workspace/mwpath/pkg/mod/github.com/toolkits/pkg@v1.2.9/ginx/errorx.go:10 (0x11fc9c4)
	Dangerous: }
C:/Users/mensyli1/work/workspace/middleware/src/controller/auth/auth.go:35 (0x11fc9aa)
	Login: }
C:/Users/mensyli1/work/workspace/mwpath/pkg/mod/github.com/gin-gonic/gin@v1.7.4/context.go:165 (0x12031ab)
	(*Context).Next: c.index++
C:/Users/mensyli1/work/workspace/middleware/src/util/aop/logrus.go:62 (0x1203188)
	Logrus.func1: //结束时间
C:/Users/mensyli1/work/workspace/mwpath/pkg/mod/github.com/gin-gonic/gin@v1.7.4/context.go:165 (0x120211a)
	(*Context).Next: c.index++
C:/Users/mensyli1/work/workspace/middleware/src/util/aop/recovery.go:94 (0x1202106)
	CustomRecoveryWithWriter.func1: }
C:/Users/mensyli1/work/workspace/mwpath/pkg/mod/github.com/gin-gonic/gin@v1.7.4/context.go:165 (0x11a525d)
	(*Context).Next: c.index++
C:/Users/mensyli1/work/workspace/mwpath/pkg/mod/github.com/gin-gonic/gin@v1.7.4/gin.go:489 (0x11a4ee5)
	(*Engine).handleHTTPRequest: c.writermem.WriteHeaderNow()
C:/Users/mensyli1/work/workspace/mwpath/pkg/mod/github.com/gin-gonic/gin@v1.7.4/gin.go:445 (0x11a4a44)
	(*Engine).ServeHTTP: 
C:/install/Dev/Env/Go/src/net/http/server.go:2879 (0x50459a)
	serverHandler.ServeHTTP: }
C:/install/Dev/Env/Go/src/net/http/server.go:1930 (0x4ffc47)
	(*conn).serve: w.cancelCtx()
C:/install/Dev/Env/Go/src/runtime/asm_amd64.s:1581 (0x254b00)
	goexit: CALL	runtime·goexit1(SB)	// does not return
[0m (github.com/mensylisir/kmpp-middleware/src/util/aop.CustomRecoveryWithWriter.func1.1: 82) {map[]} 
[2022-06-10 11:03:15] [INFO] start phase [encrypt] success (github.com/mensylisir/kmpp-middleware/src/server.Server.initialize: 121) {map[]} 
[2022-06-10 11:03:15] [INFO] start phase [db] success (github.com/mensylisir/kmpp-middleware/src/server.Server.initialize: 121) {map[]} 
[2022-06-10 11:03:15] [INFO] no databases change,skip migrate (github.com/mensylisir/kmpp-middleware/src/migrate.(*InitMigrateDBPhase).Init: 75) {map[]} 
[2022-06-10 11:03:15] [INFO] start phase [migrate] success (github.com/mensylisir/kmpp-middleware/src/server.Server.initialize: 121) {map[]} 
[2022-06-10 11:03:15] [INFO] start phase [cron] success (github.com/mensylisir/kmpp-middleware/src/server.Server.initialize: 121) {map[]} 
[2022-06-10 11:03:18] [INFO]  (github.com/mensylisir/kmpp-middleware/src/util/aop.Logrus.func1: 83) {map[client_ip:127.0.0.1 latency_time:8.0808ms req_method:POST req_uri:/api/v1/auth/login status_code:200]} 
[2022-06-10 11:03:36] [INFO]  (github.com/mensylisir/kmpp-middleware/src/util/aop.Logrus.func1: 83) {map[client_ip:127.0.0.1 latency_time:13.6261ms req_method:GET req_uri:/api/v1/postgres/9589608a-236e-47cd-af57-149bbe5b53cd status_code:200]} 
