[2022-06-10 11:20:15] [INFO] start phase [encrypt] success (github.com/mensylisir/kmpp-middleware/src/server.Server.initialize: 121) {map[]} 
[2022-06-10 11:20:15] [INFO] start phase [db] success (github.com/mensylisir/kmpp-middleware/src/server.Server.initialize: 121) {map[]} 
[2022-06-10 11:20:15] [INFO] no databases change,skip migrate (github.com/mensylisir/kmpp-middleware/src/migrate.(*InitMigrateDBPhase).Init: 75) {map[]} 
[2022-06-10 11:20:15] [INFO] start phase [migrate] success (github.com/mensylisir/kmpp-middleware/src/server.Server.initialize: 121) {map[]} 
[2022-06-10 11:20:15] [INFO] start phase [cron] success (github.com/mensylisir/kmpp-middleware/src/server.Server.initialize: 121) {map[]} 
[2022-06-10 11:20:34] [INFO] [Recovery] 2022/06/10 - 11:20:34 panic recovered:
record not found
C:/Users/mensyli1/work/workspace/mwpath/pkg/mod/github.com/toolkits/pkg@v1.2.9/errorx/errorx.go:40 (0x104b9fa)
	Dangerous: }
C:/Users/mensyli1/work/workspace/mwpath/pkg/mod/github.com/toolkits/pkg@v1.2.9/ginx/errorx.go:10 (0x107fc6a)
	Dangerous: }
C:/Users/mensyli1/work/workspace/middleware/src/controller/postgres/postgres.go:70 (0x107fc53)
	Page: }
C:/Users/mensyli1/work/workspace/mwpath/pkg/mod/github.com/gin-gonic/gin@v1.7.4/context.go:165 (0x10830c7)
	(*Context).Next: c.index++
C:/Users/mensyli1/work/workspace/middleware/src/util/aop/jwt.go:19 (0x10830ae)
	Auth.func1: 
C:/Users/mensyli1/work/workspace/mwpath/pkg/mod/github.com/gin-gonic/gin@v1.7.4/context.go:165 (0x10831eb)
	(*Context).Next: c.index++
C:/Users/mensyli1/work/workspace/middleware/src/util/aop/logrus.go:62 (0x10831c8)
	Logrus.func1: //结束时间
C:/Users/mensyli1/work/workspace/mwpath/pkg/mod/github.com/gin-gonic/gin@v1.7.4/context.go:165 (0x108215a)
	(*Context).Next: c.index++
C:/Users/mensyli1/work/workspace/middleware/src/util/aop/recovery.go:94 (0x1082146)
	CustomRecoveryWithWriter.func1: }
C:/Users/mensyli1/work/workspace/mwpath/pkg/mod/github.com/gin-gonic/gin@v1.7.4/context.go:165 (0x102529d)
	(*Context).Next: c.index++
C:/Users/mensyli1/work/workspace/mwpath/pkg/mod/github.com/gin-gonic/gin@v1.7.4/gin.go:489 (0x1024f25)
	(*Engine).handleHTTPRequest: c.writermem.WriteHeaderNow()
C:/Users/mensyli1/work/workspace/mwpath/pkg/mod/github.com/gin-gonic/gin@v1.7.4/gin.go:445 (0x1024a84)
	(*Engine).ServeHTTP: 
C:/install/Dev/Env/Go/src/net/http/server.go:2879 (0x38459a)
	serverHandler.ServeHTTP: }
C:/install/Dev/Env/Go/src/net/http/server.go:1930 (0x37fc47)
	(*conn).serve: w.cancelCtx()
C:/install/Dev/Env/Go/src/runtime/asm_amd64.s:1581 (0xd4b00)
	goexit: CALL	runtime·goexit1(SB)	// does not return
[0m (github.com/mensylisir/kmpp-middleware/src/util/aop.CustomRecoveryWithWriter.func1.1: 82) {map[]} 
[2022-06-10 11:20:36] [INFO] [Recovery] 2022/06/10 - 11:20:36 panic recovered:
record not found
C:/Users/mensyli1/work/workspace/mwpath/pkg/mod/github.com/toolkits/pkg@v1.2.9/errorx/errorx.go:40 (0x104b9fa)
	Dangerous: }
C:/Users/mensyli1/work/workspace/mwpath/pkg/mod/github.com/toolkits/pkg@v1.2.9/ginx/errorx.go:10 (0x107fc6a)
	Dangerous: }
C:/Users/mensyli1/work/workspace/middleware/src/controller/postgres/postgres.go:70 (0x107fc53)
	Page: }
C:/Users/mensyli1/work/workspace/mwpath/pkg/mod/github.com/gin-gonic/gin@v1.7.4/context.go:165 (0x10830c7)
	(*Context).Next: c.index++
C:/Users/mensyli1/work/workspace/middleware/src/util/aop/jwt.go:19 (0x10830ae)
	Auth.func1: 
C:/Users/mensyli1/work/workspace/mwpath/pkg/mod/github.com/gin-gonic/gin@v1.7.4/context.go:165 (0x10831eb)
	(*Context).Next: c.index++
C:/Users/mensyli1/work/workspace/middleware/src/util/aop/logrus.go:62 (0x10831c8)
	Logrus.func1: //结束时间
C:/Users/mensyli1/work/workspace/mwpath/pkg/mod/github.com/gin-gonic/gin@v1.7.4/context.go:165 (0x108215a)
	(*Context).Next: c.index++
C:/Users/mensyli1/work/workspace/middleware/src/util/aop/recovery.go:94 (0x1082146)
	CustomRecoveryWithWriter.func1: }
C:/Users/mensyli1/work/workspace/mwpath/pkg/mod/github.com/gin-gonic/gin@v1.7.4/context.go:165 (0x102529d)
	(*Context).Next: c.index++
C:/Users/mensyli1/work/workspace/mwpath/pkg/mod/github.com/gin-gonic/gin@v1.7.4/gin.go:489 (0x1024f25)
	(*Engine).handleHTTPRequest: c.writermem.WriteHeaderNow()
C:/Users/mensyli1/work/workspace/mwpath/pkg/mod/github.com/gin-gonic/gin@v1.7.4/gin.go:445 (0x1024a84)
	(*Engine).ServeHTTP: 
C:/install/Dev/Env/Go/src/net/http/server.go:2879 (0x38459a)
	serverHandler.ServeHTTP: }
C:/install/Dev/Env/Go/src/net/http/server.go:1930 (0x37fc47)
	(*conn).serve: w.cancelCtx()
C:/install/Dev/Env/Go/src/runtime/asm_amd64.s:1581 (0xd4b00)
	goexit: CALL	runtime·goexit1(SB)	// does not return
[0m (github.com/mensylisir/kmpp-middleware/src/util/aop.CustomRecoveryWithWriter.func1.1: 82) {map[]} 
[2022-06-10 11:20:37] [INFO] [Recovery] 2022/06/10 - 11:20:37 panic recovered:
record not found
C:/Users/mensyli1/work/workspace/mwpath/pkg/mod/github.com/toolkits/pkg@v1.2.9/errorx/errorx.go:40 (0x104b9fa)
	Dangerous: }
C:/Users/mensyli1/work/workspace/mwpath/pkg/mod/github.com/toolkits/pkg@v1.2.9/ginx/errorx.go:10 (0x107fc6a)
	Dangerous: }
C:/Users/mensyli1/work/workspace/middleware/src/controller/postgres/postgres.go:70 (0x107fc53)
	Page: }
C:/Users/mensyli1/work/workspace/mwpath/pkg/mod/github.com/gin-gonic/gin@v1.7.4/context.go:165 (0x10830c7)
	(*Context).Next: c.index++
C:/Users/mensyli1/work/workspace/middleware/src/util/aop/jwt.go:19 (0x10830ae)
	Auth.func1: 
C:/Users/mensyli1/work/workspace/mwpath/pkg/mod/github.com/gin-gonic/gin@v1.7.4/context.go:165 (0x10831eb)
	(*Context).Next: c.index++
C:/Users/mensyli1/work/workspace/middleware/src/util/aop/logrus.go:62 (0x10831c8)
	Logrus.func1: //结束时间
C:/Users/mensyli1/work/workspace/mwpath/pkg/mod/github.com/gin-gonic/gin@v1.7.4/context.go:165 (0x108215a)
	(*Context).Next: c.index++
C:/Users/mensyli1/work/workspace/middleware/src/util/aop/recovery.go:94 (0x1082146)
	CustomRecoveryWithWriter.func1: }
C:/Users/mensyli1/work/workspace/mwpath/pkg/mod/github.com/gin-gonic/gin@v1.7.4/context.go:165 (0x102529d)
	(*Context).Next: c.index++
C:/Users/mensyli1/work/workspace/mwpath/pkg/mod/github.com/gin-gonic/gin@v1.7.4/gin.go:489 (0x1024f25)
	(*Engine).handleHTTPRequest: c.writermem.WriteHeaderNow()
C:/Users/mensyli1/work/workspace/mwpath/pkg/mod/github.com/gin-gonic/gin@v1.7.4/gin.go:445 (0x1024a84)
	(*Engine).ServeHTTP: 
C:/install/Dev/Env/Go/src/net/http/server.go:2879 (0x38459a)
	serverHandler.ServeHTTP: }
C:/install/Dev/Env/Go/src/net/http/server.go:1930 (0x37fc47)
	(*conn).serve: w.cancelCtx()
C:/install/Dev/Env/Go/src/runtime/asm_amd64.s:1581 (0xd4b00)
	goexit: CALL	runtime·goexit1(SB)	// does not return
[0m (github.com/mensylisir/kmpp-middleware/src/util/aop.CustomRecoveryWithWriter.func1.1: 82) {map[]} 
