[2022-06-14 11:11:16] [INFO] start phase [encrypt] success (github.com/mensylisir/kmpp-middleware/src/server.Server.initialize: 123) {map[]} 
[2022-06-14 11:11:16] [INFO] start phase [db] success (github.com/mensylisir/kmpp-middleware/src/server.Server.initialize: 123) {map[]} 
[2022-06-14 11:11:16] [INFO] no databases change,skip migrate (github.com/mensylisir/kmpp-middleware/src/migrate.(*InitMigrateDBPhase).Init: 75) {map[]} 
[2022-06-14 11:11:16] [INFO] start phase [migrate] success (github.com/mensylisir/kmpp-middleware/src/server.Server.initialize: 123) {map[]} 
[2022-06-14 11:11:16] [INFO] start phase [cron] success (github.com/mensylisir/kmpp-middleware/src/server.Server.initialize: 123) {map[]} 
[2022-06-14 11:11:17] [INFO]  (github.com/mensylisir/kmpp-middleware/src/util/aop.Logrus.func1: 83) {map[client_ip:172.30.1.117 latency_time:10.0682ms req_method:GET req_uri:/api/v1/postgressqls?page=1&size=50&user_id=5e81095f-3c0c-4cb2-8033-bde03d601357 status_code:200]} 
[2022-06-14 11:11:18] [INFO]  (github.com/mensylisir/kmpp-middleware/src/util/aop.Logrus.func1: 83) {map[client_ip:172.30.1.117 latency_time:8.9138ms req_method:GET req_uri:/api/v1/postgressqls?page=1&size=50&user_id=5e81095f-3c0c-4cb2-8033-bde03d601357 status_code:200]} 
[2022-06-14 11:11:19] [INFO]  (github.com/mensylisir/kmpp-middleware/src/util/aop.Logrus.func1: 83) {map[client_ip:127.0.0.1 latency_time:59.5498ms req_method:GET req_uri:/api/v1/postgres/21fc35a6-d3bd-415f-ae88-1ccb07b78770 status_code:200]} 
[2022-06-14 11:11:28] [INFO] [Recovery] 2022/06/14 - 11:11:28 panic recovered:
runtime error: invalid memory address or nil pointer dereference
C:/install/Dev/Env/Go/src/runtime/panic.go:221 (0x8ed77c)
	panicmem: }
C:/install/Dev/Env/Go/src/runtime/signal_windows.go:254 (0x8ed74c)
	sigpanic: }
C:/Users/mensyli1/work/workspace/middleware/src/service/postgresql/postgresql.go:299 (0x18163f5)
	postgresService.Delete: err = kubernetes.DeletePostgres(instanceEntity)
C:/Users/mensyli1/work/workspace/middleware/src/controller/postgres/postgres.go:167 (0x19aeaca)
	Delete: if err != nil {
C:/Users/mensyli1/work/workspace/mwpath/pkg/mod/github.com/gin-gonic/gin@v1.7.7/context.go:168 (0x19b1d4b)
	(*Context).Next: c.index++
C:/Users/mensyli1/work/workspace/middleware/src/util/aop/logrus.go:62 (0x19b1d28)
	Logrus.func1: //结束时间
C:/Users/mensyli1/work/workspace/mwpath/pkg/mod/github.com/gin-gonic/gin@v1.7.7/context.go:168 (0x19b0dda)
	(*Context).Next: c.index++
C:/Users/mensyli1/work/workspace/middleware/src/util/aop/recovery.go:94 (0x19b0dc6)
	CustomRecoveryWithWriter.func1: }
C:/Users/mensyli1/work/workspace/mwpath/pkg/mod/github.com/gin-gonic/gin@v1.7.7/context.go:168 (0x18ebb10)
	(*Context).Next: c.index++
C:/Users/mensyli1/work/workspace/mwpath/pkg/mod/github.com/gin-gonic/gin@v1.7.7/gin.go:555 (0x18eb778)
	(*Engine).handleHTTPRequest: c.writermem.WriteHeaderNow()
C:/Users/mensyli1/work/workspace/mwpath/pkg/mod/github.com/gin-gonic/gin@v1.7.7/gin.go:511 (0x18eb2b1)
	(*Engine).ServeHTTP: 
C:/install/Dev/Env/Go/src/net/http/server.go:2879 (0xbc1d7a)
	serverHandler.ServeHTTP: }
C:/install/Dev/Env/Go/src/net/http/server.go:1930 (0xbbd427)
	(*conn).serve: w.cancelCtx()
C:/install/Dev/Env/Go/src/runtime/asm_amd64.s:1581 (0x90ab60)
	goexit: CALL	runtime·goexit1(SB)	// does not return
[0m (github.com/mensylisir/kmpp-middleware/src/util/aop.CustomRecoveryWithWriter.func1.1: 82) {map[]} 
[2022-06-14 11:11:28] [INFO]  (github.com/mensylisir/kmpp-middleware/src/util/aop.Logrus.func1: 83) {map[client_ip:172.30.1.117 latency_time:13.2805ms req_method:GET req_uri:/api/v1/postgressqls?page=1&size=50&user_id=5e81095f-3c0c-4cb2-8033-bde03d601357 status_code:200]} 
[2022-06-14 11:11:53] [INFO]  (github.com/mensylisir/kmpp-middleware/src/util/aop.Logrus.func1: 83) {map[client_ip:172.30.1.117 latency_time:9.5318ms req_method:GET req_uri:/api/v1/postgressqls?page=1&size=50&user_id=5e81095f-3c0c-4cb2-8033-bde03d601357 status_code:200]} 
[2022-06-14 11:11:55] [INFO]  (github.com/mensylisir/kmpp-middleware/src/util/aop.Logrus.func1: 83) {map[client_ip:172.30.1.117 latency_time:9.0858ms req_method:GET req_uri:/api/v1/postgressqls?page=1&size=50&user_id=5e81095f-3c0c-4cb2-8033-bde03d601357 status_code:200]} 
[2022-06-14 11:11:59] [INFO] [Recovery] 2022/06/14 - 11:11:59 panic recovered:
runtime error: invalid memory address or nil pointer dereference
C:/install/Dev/Env/Go/src/runtime/panic.go:221 (0x8ed77c)
	panicmem: }
C:/install/Dev/Env/Go/src/runtime/signal_windows.go:254 (0x8ed74c)
	sigpanic: }
C:/Users/mensyli1/work/workspace/middleware/src/service/postgresql/postgresql.go:299 (0x18163f5)
	postgresService.Delete: err = kubernetes.DeletePostgres(instanceEntity)
C:/Users/mensyli1/work/workspace/middleware/src/controller/postgres/postgres.go:167 (0x19aeaca)
	Delete: if err != nil {
C:/Users/mensyli1/work/workspace/mwpath/pkg/mod/github.com/gin-gonic/gin@v1.7.7/context.go:168 (0x19b1d4b)
	(*Context).Next: c.index++
C:/Users/mensyli1/work/workspace/middleware/src/util/aop/logrus.go:62 (0x19b1d28)
	Logrus.func1: //结束时间
C:/Users/mensyli1/work/workspace/mwpath/pkg/mod/github.com/gin-gonic/gin@v1.7.7/context.go:168 (0x19b0dda)
	(*Context).Next: c.index++
C:/Users/mensyli1/work/workspace/middleware/src/util/aop/recovery.go:94 (0x19b0dc6)
	CustomRecoveryWithWriter.func1: }
C:/Users/mensyli1/work/workspace/mwpath/pkg/mod/github.com/gin-gonic/gin@v1.7.7/context.go:168 (0x18ebb10)
	(*Context).Next: c.index++
C:/Users/mensyli1/work/workspace/mwpath/pkg/mod/github.com/gin-gonic/gin@v1.7.7/gin.go:555 (0x18eb778)
	(*Engine).handleHTTPRequest: c.writermem.WriteHeaderNow()
C:/Users/mensyli1/work/workspace/mwpath/pkg/mod/github.com/gin-gonic/gin@v1.7.7/gin.go:511 (0x18eb2b1)
	(*Engine).ServeHTTP: 
C:/install/Dev/Env/Go/src/net/http/server.go:2879 (0xbc1d7a)
	serverHandler.ServeHTTP: }
C:/install/Dev/Env/Go/src/net/http/server.go:1930 (0xbbd427)
	(*conn).serve: w.cancelCtx()
C:/install/Dev/Env/Go/src/runtime/asm_amd64.s:1581 (0x90ab60)
	goexit: CALL	runtime·goexit1(SB)	// does not return
[0m (github.com/mensylisir/kmpp-middleware/src/util/aop.CustomRecoveryWithWriter.func1.1: 82) {map[]} 
[2022-06-14 11:11:59] [INFO]  (github.com/mensylisir/kmpp-middleware/src/util/aop.Logrus.func1: 83) {map[client_ip:172.30.1.117 latency_time:8.4468ms req_method:GET req_uri:/api/v1/postgressqls?page=1&size=50&user_id=5e81095f-3c0c-4cb2-8033-bde03d601357 status_code:200]} 
