[2022-06-07 15:00:17] [INFO] [Recovery] 2022/06/07 - 15:00:17 panic recovered:
runtime error: invalid memory address or nil pointer dereference
C:/install/Dev/Env/Go/src/runtime/panic.go:221 (0xb39b9c)
	panicmem: }
C:/install/Dev/Env/Go/src/runtime/signal_windows.go:254 (0xb39b6c)
	sigpanic: }
C:/Users/mensyli1/work/workspace/middleware/src/service/auth/auth.go:41 (0x1ac16bc)
	authService.Login: token, err := jwt.CreateToken(*usr)
C:/Users/mensyli1/work/workspace/middleware/src/controller/auth/auth.go:33 (0x1af3091)
	Login: if err != nil {
C:/Users/mensyli1/work/workspace/mwpath/pkg/mod/github.com/gin-gonic/gin@v1.7.4/context.go:165 (0x1af844b)
	(*Context).Next: c.index++
C:/Users/mensyli1/work/workspace/middleware/src/util/aop/logrus.go:62 (0x1af8428)
	Logrus.func1: //结束时间
C:/Users/mensyli1/work/workspace/mwpath/pkg/mod/github.com/gin-gonic/gin@v1.7.4/context.go:165 (0x1af73ba)
	(*Context).Next: c.index++
C:/Users/mensyli1/work/workspace/middleware/src/util/aop/recovery.go:94 (0x1af73a6)
	CustomRecoveryWithWriter.func1: }
C:/Users/mensyli1/work/workspace/mwpath/pkg/mod/github.com/gin-gonic/gin@v1.7.4/context.go:165 (0x1a9bb5d)
	(*Context).Next: c.index++
C:/Users/mensyli1/work/workspace/mwpath/pkg/mod/github.com/gin-gonic/gin@v1.7.4/gin.go:489 (0x1a9b7e5)
	(*Engine).handleHTTPRequest: c.writermem.WriteHeaderNow()
C:/Users/mensyli1/work/workspace/mwpath/pkg/mod/github.com/gin-gonic/gin@v1.7.4/gin.go:445 (0x1a9b344)
	(*Engine).ServeHTTP: 
C:/install/Dev/Env/Go/src/net/http/server.go:2879 (0xe0459a)
	serverHandler.ServeHTTP: }
C:/install/Dev/Env/Go/src/net/http/server.go:1930 (0xdffc47)
	(*conn).serve: w.cancelCtx()
C:/install/Dev/Env/Go/src/runtime/asm_amd64.s:1581 (0xb54b00)
	goexit: CALL	runtime·goexit1(SB)	// does not return
[0m (github.com/mensylisir/kmpp-middleware/src/util/aop.CustomRecoveryWithWriter.func1.1: 82) {map[]} 
[2022-06-07 15:00:21] [INFO] [Recovery] 2022/06/07 - 15:00:21 panic recovered:
runtime error: invalid memory address or nil pointer dereference
C:/install/Dev/Env/Go/src/runtime/panic.go:221 (0xb39b9c)
	panicmem: }
C:/install/Dev/Env/Go/src/runtime/signal_windows.go:254 (0xb39b6c)
	sigpanic: }
C:/Users/mensyli1/work/workspace/middleware/src/service/auth/auth.go:41 (0x1ac16bc)
	authService.Login: token, err := jwt.CreateToken(*usr)
C:/Users/mensyli1/work/workspace/middleware/src/controller/auth/auth.go:33 (0x1af3091)
	Login: if err != nil {
C:/Users/mensyli1/work/workspace/mwpath/pkg/mod/github.com/gin-gonic/gin@v1.7.4/context.go:165 (0x1af844b)
	(*Context).Next: c.index++
C:/Users/mensyli1/work/workspace/middleware/src/util/aop/logrus.go:62 (0x1af8428)
	Logrus.func1: //结束时间
C:/Users/mensyli1/work/workspace/mwpath/pkg/mod/github.com/gin-gonic/gin@v1.7.4/context.go:165 (0x1af73ba)
	(*Context).Next: c.index++
C:/Users/mensyli1/work/workspace/middleware/src/util/aop/recovery.go:94 (0x1af73a6)
	CustomRecoveryWithWriter.func1: }
C:/Users/mensyli1/work/workspace/mwpath/pkg/mod/github.com/gin-gonic/gin@v1.7.4/context.go:165 (0x1a9bb5d)
	(*Context).Next: c.index++
C:/Users/mensyli1/work/workspace/mwpath/pkg/mod/github.com/gin-gonic/gin@v1.7.4/gin.go:489 (0x1a9b7e5)
	(*Engine).handleHTTPRequest: c.writermem.WriteHeaderNow()
C:/Users/mensyli1/work/workspace/mwpath/pkg/mod/github.com/gin-gonic/gin@v1.7.4/gin.go:445 (0x1a9b344)
	(*Engine).ServeHTTP: 
C:/install/Dev/Env/Go/src/net/http/server.go:2879 (0xe0459a)
	serverHandler.ServeHTTP: }
C:/install/Dev/Env/Go/src/net/http/server.go:1930 (0xdffc47)
	(*conn).serve: w.cancelCtx()
C:/install/Dev/Env/Go/src/runtime/asm_amd64.s:1581 (0xb54b00)
	goexit: CALL	runtime·goexit1(SB)	// does not return
[0m (github.com/mensylisir/kmpp-middleware/src/util/aop.CustomRecoveryWithWriter.func1.1: 82) {map[]} 
[2022-06-07 15:00:49] [INFO] start phase [encrypt] success (github.com/mensylisir/kmpp-middleware/src/server.Server.initialize: 121) {map[]} 
[2022-06-07 15:00:49] [INFO] start phase [db] success (github.com/mensylisir/kmpp-middleware/src/server.Server.initialize: 121) {map[]} 
[2022-06-07 15:00:49] [INFO] no databases change,skip migrate (github.com/mensylisir/kmpp-middleware/src/migrate.(*InitMigrateDBPhase).Init: 75) {map[]} 
[2022-06-07 15:00:49] [INFO] start phase [migrate] success (github.com/mensylisir/kmpp-middleware/src/server.Server.initialize: 121) {map[]} 
[2022-06-07 15:00:49] [INFO] start phase [cron] success (github.com/mensylisir/kmpp-middleware/src/server.Server.initialize: 121) {map[]} 
[2022-06-07 15:00:53] [INFO] [Recovery] 2022/06/07 - 15:00:53 panic recovered:
runtime error: invalid memory address or nil pointer dereference
C:/install/Dev/Env/Go/src/runtime/panic.go:221 (0x7d9b9c)
	panicmem: }
C:/install/Dev/Env/Go/src/runtime/signal_windows.go:254 (0x7d9b6c)
	sigpanic: }
C:/Users/mensyli1/work/workspace/middleware/src/service/auth/auth.go:41 (0x17616bc)
	authService.Login: token, err := jwt.CreateToken(*usr)
C:/Users/mensyli1/work/workspace/middleware/src/controller/auth/auth.go:33 (0x1793091)
	Login: if err != nil {
C:/Users/mensyli1/work/workspace/mwpath/pkg/mod/github.com/gin-gonic/gin@v1.7.4/context.go:165 (0x179844b)
	(*Context).Next: c.index++
C:/Users/mensyli1/work/workspace/middleware/src/util/aop/logrus.go:62 (0x1798428)
	Logrus.func1: //结束时间
C:/Users/mensyli1/work/workspace/mwpath/pkg/mod/github.com/gin-gonic/gin@v1.7.4/context.go:165 (0x17973ba)
	(*Context).Next: c.index++
C:/Users/mensyli1/work/workspace/middleware/src/util/aop/recovery.go:94 (0x17973a6)
	CustomRecoveryWithWriter.func1: }
C:/Users/mensyli1/work/workspace/mwpath/pkg/mod/github.com/gin-gonic/gin@v1.7.4/context.go:165 (0x173bb5d)
	(*Context).Next: c.index++
C:/Users/mensyli1/work/workspace/mwpath/pkg/mod/github.com/gin-gonic/gin@v1.7.4/gin.go:489 (0x173b7e5)
	(*Engine).handleHTTPRequest: c.writermem.WriteHeaderNow()
C:/Users/mensyli1/work/workspace/mwpath/pkg/mod/github.com/gin-gonic/gin@v1.7.4/gin.go:445 (0x173b344)
	(*Engine).ServeHTTP: 
C:/install/Dev/Env/Go/src/net/http/server.go:2879 (0xaa459a)
	serverHandler.ServeHTTP: }
C:/install/Dev/Env/Go/src/net/http/server.go:1930 (0xa9fc47)
	(*conn).serve: w.cancelCtx()
C:/install/Dev/Env/Go/src/runtime/asm_amd64.s:1581 (0x7f4b00)
	goexit: CALL	runtime·goexit1(SB)	// does not return
[0m (github.com/mensylisir/kmpp-middleware/src/util/aop.CustomRecoveryWithWriter.func1.1: 82) {map[]} 
