[2022-06-14 10:54:36] [INFO] [Recovery] 2022/06/14 - 10:54:36 panic recovered:
write tcp 127.0.0.1:8082->127.0.0.1:53091: wsasend: An established connection was aborted by the software in your host machine.
C:/Users/mensyli1/work/workspace/mwpath/pkg/mod/github.com/gin-gonic/gin@v1.7.7/render/json.go:56 (0x282a5dd)
	JSON.Render: }
C:/Users/mensyli1/work/workspace/mwpath/pkg/mod/github.com/gin-gonic/gin@v1.7.7/context.go:927 (0x2835bda)
	(*Context).Render: panic(err)
C:/Users/mensyli1/work/workspace/mwpath/pkg/mod/github.com/gin-gonic/gin@v1.7.7/context.go:970 (0x28361b7)
	(*Context).JSON: }
C:/Users/mensyli1/work/workspace/mwpath/pkg/mod/github.com/toolkits/pkg@v1.2.9/ginx/render.go:53 (0x2970da4)
	Render.Data: return
C:/Users/mensyli1/work/workspace/middleware/src/controller/postgres/postgres.go:62 (0x2977d05)
	GetById: }
C:/Users/mensyli1/work/workspace/mwpath/pkg/mod/github.com/gin-gonic/gin@v1.7.7/context.go:168 (0x282fedc)
	(*Context).Next: c.index++
C:/Users/mensyli1/work/workspace/middleware/src/util/aop/logrus.go:62 (0x297e4ba)
	Logrus.func1: //结束时间
C:/Users/mensyli1/work/workspace/mwpath/pkg/mod/github.com/gin-gonic/gin@v1.7.7/context.go:168 (0x282fedc)
	(*Context).Next: c.index++
C:/Users/mensyli1/work/workspace/middleware/src/util/aop/recovery.go:94 (0x297c984)
	CustomRecoveryWithWriter.func1: }
C:/Users/mensyli1/work/workspace/mwpath/pkg/mod/github.com/gin-gonic/gin@v1.7.7/context.go:168 (0x282fedc)
	(*Context).Next: c.index++
C:/Users/mensyli1/work/workspace/mwpath/pkg/mod/github.com/gin-gonic/gin@v1.7.7/gin.go:555 (0x283e8c8)
	(*Engine).handleHTTPRequest: c.writermem.WriteHeaderNow()
C:/Users/mensyli1/work/workspace/mwpath/pkg/mod/github.com/gin-gonic/gin@v1.7.7/gin.go:511 (0x283e39a)
	(*Engine).ServeHTTP: 
C:/install/Dev/Env/Go/src/net/http/server.go:2879 (0x13c6e19)
	serverHandler.ServeHTTP: }
C:/install/Dev/Env/Go/src/net/http/server.go:1930 (0x13c08d7)
	(*conn).serve: w.cancelCtx()
C:/install/Dev/Env/Go/src/runtime/asm_amd64.s:1581 (0xf7e900)
	goexit: CALL	runtime·goexit1(SB)	// does not return
[0m (github.com/mensylisir/kmpp-middleware/src/util/aop.CustomRecoveryWithWriter.func1.1: 82) {map[]} 
[2022-06-14 10:54:36] [INFO]  (github.com/mensylisir/kmpp-middleware/src/util/aop.Logrus.func1: 83) {map[client_ip:127.0.0.1 latency_time:195.2685ms req_method:GET req_uri:/api/v1/postgres/9589608a-236e-47cd-af57-149bbe5b53cd status_code:200]} 
