[2022-06-14 11:15:23] [INFO]  (github.com/mensylisir/kmpp-middleware/src/util/aop.Logrus.func1: 83) {map[client_ip:172.30.1.117 latency_time:10.7662ms req_method:GET req_uri:/api/v1/postgressqls?page=1&size=50&user_id=5e81095f-3c0c-4cb2-8033-bde03d601357 status_code:200]} 
[2022-06-14 11:15:25] [INFO]  (github.com/mensylisir/kmpp-middleware/src/util/aop.Logrus.func1: 83) {map[client_ip:172.30.1.117 latency_time:12.6772ms req_method:GET req_uri:/api/v1/postgressqls?page=1&size=50&user_id=5e81095f-3c0c-4cb2-8033-bde03d601357 status_code:200]} 
[2022-06-14 11:15:29] [INFO] [Recovery] 2022/06/14 - 11:15:29 panic recovered:
runtime error: invalid memory address or nil pointer dereference
C:/install/Dev/Env/Go/src/runtime/panic.go:221 (0x6dd77c)
	panicmem: }
C:/install/Dev/Env/Go/src/runtime/signal_windows.go:254 (0x6dd74c)
	sigpanic: }
C:/Users/mensyli1/work/workspace/middleware/src/service/postgresql/postgresql.go:299 (0x1606315)
	postgresService.Delete: err = kubernetes.DeletePostgres(instanceEntity)
C:/Users/mensyli1/work/workspace/middleware/src/controller/postgres/postgres.go:167 (0x179e9ea)
	Delete: if err != nil {
C:/Users/mensyli1/work/workspace/mwpath/pkg/mod/github.com/gin-gonic/gin@v1.7.7/context.go:168 (0x17a1c6b)
	(*Context).Next: c.index++
C:/Users/mensyli1/work/workspace/middleware/src/util/aop/logrus.go:62 (0x17a1c48)
	Logrus.func1: //结束时间
C:/Users/mensyli1/work/workspace/mwpath/pkg/mod/github.com/gin-gonic/gin@v1.7.7/context.go:168 (0x17a0cfa)
	(*Context).Next: c.index++
C:/Users/mensyli1/work/workspace/middleware/src/util/aop/recovery.go:94 (0x17a0ce6)
	CustomRecoveryWithWriter.func1: }
C:/Users/mensyli1/work/workspace/mwpath/pkg/mod/github.com/gin-gonic/gin@v1.7.7/context.go:168 (0x16dba30)
	(*Context).Next: c.index++
C:/Users/mensyli1/work/workspace/mwpath/pkg/mod/github.com/gin-gonic/gin@v1.7.7/gin.go:555 (0x16db698)
	(*Engine).handleHTTPRequest: c.writermem.WriteHeaderNow()
C:/Users/mensyli1/work/workspace/mwpath/pkg/mod/github.com/gin-gonic/gin@v1.7.7/gin.go:511 (0x16db1d1)
	(*Engine).ServeHTTP: 
C:/install/Dev/Env/Go/src/net/http/server.go:2879 (0x9b1d7a)
	serverHandler.ServeHTTP: }
C:/install/Dev/Env/Go/src/net/http/server.go:1930 (0x9ad427)
	(*conn).serve: w.cancelCtx()
C:/install/Dev/Env/Go/src/runtime/asm_amd64.s:1581 (0x6fab60)
	goexit: CALL	runtime·goexit1(SB)	// does not return
[0m (github.com/mensylisir/kmpp-middleware/src/util/aop.CustomRecoveryWithWriter.func1.1: 82) {map[]} 
[2022-06-14 11:15:29] [INFO]  (github.com/mensylisir/kmpp-middleware/src/util/aop.Logrus.func1: 83) {map[client_ip:172.30.1.117 latency_time:10.7868ms req_method:GET req_uri:/api/v1/postgressqls?page=1&size=50&user_id=5e81095f-3c0c-4cb2-8033-bde03d601357 status_code:200]} 
[2022-06-14 11:15:52] [INFO]  (github.com/mensylisir/kmpp-middleware/src/util/aop.Logrus.func1: 83) {map[client_ip:172.30.1.117 latency_time:9.8799ms req_method:GET req_uri:/api/v1/postgressqls?page=1&size=50&user_id=5e81095f-3c0c-4cb2-8033-bde03d601357 status_code:200]} 
[2022-06-14 11:15:58] [INFO] [Recovery] 2022/06/14 - 11:15:58 panic recovered:
runtime error: invalid memory address or nil pointer dereference
C:/install/Dev/Env/Go/src/runtime/panic.go:221 (0x6dd77c)
	panicmem: }
C:/install/Dev/Env/Go/src/runtime/signal_windows.go:254 (0x6dd74c)
	sigpanic: }
C:/Users/mensyli1/work/workspace/middleware/src/service/postgresql/postgresql.go:299 (0x1606315)
	postgresService.Delete: err = kubernetes.DeletePostgres(instanceEntity)
C:/Users/mensyli1/work/workspace/middleware/src/controller/postgres/postgres.go:167 (0x179e9ea)
	Delete: if err != nil {
C:/Users/mensyli1/work/workspace/mwpath/pkg/mod/github.com/gin-gonic/gin@v1.7.7/context.go:168 (0x17a1c6b)
	(*Context).Next: c.index++
C:/Users/mensyli1/work/workspace/middleware/src/util/aop/logrus.go:62 (0x17a1c48)
	Logrus.func1: //结束时间
C:/Users/mensyli1/work/workspace/mwpath/pkg/mod/github.com/gin-gonic/gin@v1.7.7/context.go:168 (0x17a0cfa)
	(*Context).Next: c.index++
C:/Users/mensyli1/work/workspace/middleware/src/util/aop/recovery.go:94 (0x17a0ce6)
	CustomRecoveryWithWriter.func1: }
C:/Users/mensyli1/work/workspace/mwpath/pkg/mod/github.com/gin-gonic/gin@v1.7.7/context.go:168 (0x16dba30)
	(*Context).Next: c.index++
C:/Users/mensyli1/work/workspace/mwpath/pkg/mod/github.com/gin-gonic/gin@v1.7.7/gin.go:555 (0x16db698)
	(*Engine).handleHTTPRequest: c.writermem.WriteHeaderNow()
C:/Users/mensyli1/work/workspace/mwpath/pkg/mod/github.com/gin-gonic/gin@v1.7.7/gin.go:511 (0x16db1d1)
	(*Engine).ServeHTTP: 
C:/install/Dev/Env/Go/src/net/http/server.go:2879 (0x9b1d7a)
	serverHandler.ServeHTTP: }
C:/install/Dev/Env/Go/src/net/http/server.go:1930 (0x9ad427)
	(*conn).serve: w.cancelCtx()
C:/install/Dev/Env/Go/src/runtime/asm_amd64.s:1581 (0x6fab60)
	goexit: CALL	runtime·goexit1(SB)	// does not return
[0m (github.com/mensylisir/kmpp-middleware/src/util/aop.CustomRecoveryWithWriter.func1.1: 82) {map[]} 
[2022-06-14 11:15:58] [INFO]  (github.com/mensylisir/kmpp-middleware/src/util/aop.Logrus.func1: 83) {map[client_ip:172.30.1.117 latency_time:10.1117ms req_method:GET req_uri:/api/v1/postgressqls?page=1&size=50&user_id=5e81095f-3c0c-4cb2-8033-bde03d601357 status_code:200]} 
