[2022-06-15 09:43:06] [INFO] [Recovery] 2022/06/15 - 09:43:06 panic recovered:
invalid character '"' after object key:value pair
C:/Users/mensyli1/work/workspace/mwpath/pkg/mod/github.com/toolkits/pkg@v1.2.9/errorx/errorx.go:40 (0x1b5a9ba)
	Dangerous: }
C:/Users/mensyli1/work/workspace/mwpath/pkg/mod/github.com/toolkits/pkg@v1.2.9/ginx/errorx.go:10 (0x1b9c4b6)
	Dangerous: }
C:/Users/mensyli1/work/workspace/middleware/src/controller/svc/svc.go:41 (0x1b9c4a5)
	UpdateServiceType: }
C:/Users/mensyli1/work/workspace/mwpath/pkg/mod/github.com/gin-gonic/gin@v1.7.7/context.go:168 (0x1b9a84b)
	(*Context).Next: c.index++
C:/Users/mensyli1/work/workspace/middleware/src/util/aop/logrus.go:62 (0x1b9a828)
	Logrus.func1: //结束时间
C:/Users/mensyli1/work/workspace/mwpath/pkg/mod/github.com/gin-gonic/gin@v1.7.7/context.go:168 (0x1b9957a)
	(*Context).Next: c.index++
C:/Users/mensyli1/work/workspace/middleware/src/util/aop/recovery.go:94 (0x1b99566)
	CustomRecoveryWithWriter.func1: }
C:/Users/mensyli1/work/workspace/mwpath/pkg/mod/github.com/gin-gonic/gin@v1.7.7/context.go:168 (0x1accc30)
	(*Context).Next: c.index++
C:/Users/mensyli1/work/workspace/mwpath/pkg/mod/github.com/gin-gonic/gin@v1.7.7/gin.go:555 (0x1acc898)
	(*Engine).handleHTTPRequest: c.writermem.WriteHeaderNow()
C:/Users/mensyli1/work/workspace/mwpath/pkg/mod/github.com/gin-gonic/gin@v1.7.7/gin.go:511 (0x1acc3d1)
	(*Engine).ServeHTTP: 
C:/install/Dev/Env/Go/src/net/http/server.go:2879 (0xda29da)
	serverHandler.ServeHTTP: }
C:/install/Dev/Env/Go/src/net/http/server.go:1930 (0xd9e087)
	(*conn).serve: w.cancelCtx()
C:/install/Dev/Env/Go/src/runtime/asm_amd64.s:1581 (0xaeab60)
	goexit: CALL	runtime·goexit1(SB)	// does not return
[0m (github.com/mensylisir/kmpp-middleware/src/util/aop.CustomRecoveryWithWriter.func1.1: 82) {map[]} 
