[2022-06-16 16:55:22] [INFO] start phase [encrypt] success (github.com/mensylisir/kmpp-middleware/src/server.Server.initialize: 123) {map[]} 
[2022-06-16 16:55:22] [INFO] start phase [db] success (github.com/mensylisir/kmpp-middleware/src/server.Server.initialize: 123) {map[]} 
[2022-06-16 16:55:22] [INFO] no databases change,skip migrate (github.com/mensylisir/kmpp-middleware/src/migrate.(*InitMigrateDBPhase).Init: 75) {map[]} 
[2022-06-16 16:55:22] [INFO] start phase [migrate] success (github.com/mensylisir/kmpp-middleware/src/server.Server.initialize: 123) {map[]} 
[2022-06-16 16:55:22] [INFO] start phase [cron] success (github.com/mensylisir/kmpp-middleware/src/server.Server.initialize: 123) {map[]} 
[2022-06-16 16:55:25] [INFO]  (github.com/mensylisir/kmpp-middleware/src/util/aop.Logrus.func1: 83) {map[client_ip:172.30.1.74 latency_time:852.8181ms req_method:GET req_uri:/api/ws/v1/postgres/logs status_code:200]} 
[2022-06-16 16:55:32] [INFO] [Recovery] 2022/06/16 - 16:55:32 panic recovered:
record not found
C:/Users/mensyli1/work/workspace/mwpath/pkg/mod/github.com/toolkits/pkg@v1.2.9/errorx/errorx.go:40 (0x164be3a)
	Dangerous: }
C:/Users/mensyli1/work/workspace/mwpath/pkg/mod/github.com/toolkits/pkg@v1.2.9/ginx/errorx.go:10 (0x168ca31)
	Dangerous: }
C:/Users/mensyli1/work/workspace/middleware/src/controller/postgres/postgres.go:278 (0x168ca1a)
	GetPostgresOperatorName: }
C:/Users/mensyli1/work/workspace/mwpath/pkg/mod/github.com/gin-gonic/gin@v1.7.7/context.go:168 (0x168b14b)
	(*Context).Next: c.index++
C:/Users/mensyli1/work/workspace/middleware/src/util/aop/logrus.go:62 (0x168b128)
	Logrus.func1: //结束时间
C:/Users/mensyli1/work/workspace/mwpath/pkg/mod/github.com/gin-gonic/gin@v1.7.7/context.go:168 (0x1689e7a)
	(*Context).Next: c.index++
C:/Users/mensyli1/work/workspace/middleware/src/util/aop/recovery.go:94 (0x1689e66)
	CustomRecoveryWithWriter.func1: }
C:/Users/mensyli1/work/workspace/mwpath/pkg/mod/github.com/gin-gonic/gin@v1.7.7/context.go:168 (0x15be0b0)
	(*Context).Next: c.index++
C:/Users/mensyli1/work/workspace/mwpath/pkg/mod/github.com/gin-gonic/gin@v1.7.7/gin.go:555 (0x15bdd18)
	(*Engine).handleHTTPRequest: c.writermem.WriteHeaderNow()
C:/Users/mensyli1/work/workspace/mwpath/pkg/mod/github.com/gin-gonic/gin@v1.7.7/gin.go:511 (0x15bd851)
	(*Engine).ServeHTTP: 
C:/install/Dev/Env/Go/src/net/http/server.go:2879 (0x8929da)
	serverHandler.ServeHTTP: }
C:/install/Dev/Env/Go/src/net/http/server.go:1930 (0x88e087)
	(*conn).serve: w.cancelCtx()
C:/install/Dev/Env/Go/src/runtime/asm_amd64.s:1581 (0x5dab60)
	goexit: CALL	runtime·goexit1(SB)	// does not return
[0m (github.com/mensylisir/kmpp-middleware/src/util/aop.CustomRecoveryWithWriter.func1.1: 82) {map[]} 
[2022-06-16 16:55:38] [INFO]  (github.com/mensylisir/kmpp-middleware/src/util/aop.Logrus.func1: 83) {map[client_ip:172.30.1.117 latency_time:9.0051ms req_method:GET req_uri:/api/v1/instances?page=1&size=15&user_id=5e81095f-3c0c-4cb2-8033-bde03d601357 status_code:200]} 
[2022-06-16 16:55:44] [INFO]  (github.com/mensylisir/kmpp-middleware/src/util/aop.Logrus.func1: 83) {map[client_ip:172.30.1.117 latency_time:10.8133ms req_method:GET req_uri:/api/v1/postgressqls?page=1&size=50&user_id=5e81095f-3c0c-4cb2-8033-bde03d601357 status_code:200]} 
[2022-06-16 16:55:46] [INFO]  (github.com/mensylisir/kmpp-middleware/src/util/aop.Logrus.func1: 83) {map[client_ip:172.30.1.117 latency_time:43.9817ms req_method:GET req_uri:/api/v1/postgres/operator?cluster_id=4e4036eb-5acb-44ea-9aa9-6bf24a5b9671 status_code:200]} 
[2022-06-16 16:55:46] [INFO]  (github.com/mensylisir/kmpp-middleware/src/util/aop.Logrus.func1: 83) {map[client_ip:172.30.1.117 latency_time:24.1101ms req_method:GET req_uri:/api/ws/v1/postgres/logs status_code:200]} 
