[2022-06-07 15:51:58] [INFO] [Recovery] 2022/06/07 - 15:51:58 panic recovered:
runtime error: invalid memory address or nil pointer dereference
C:/install/Dev/Env/Go/src/runtime/panic.go:221 (0xbe9b9c)
	panicmem: }
C:/install/Dev/Env/Go/src/runtime/signal_windows.go:254 (0xbe9b6c)
	sigpanic: }
C:/Users/mensyli1/work/workspace/mwpath/pkg/mod/golang.org/x/text@v0.3.7/message/print.go:48 (0x1b9be65)
	newPrinter: // TODO: cache most of the following call.
C:/Users/mensyli1/work/workspace/mwpath/pkg/mod/golang.org/x/text@v0.3.7/message/message.go:113 (0x1b9b758)
	(*Printer).Sprintf: lookupAndFormat(pp, key, a)
C:/Users/mensyli1/work/workspace/mwpath/pkg/mod/github.com/toolkits/pkg@v1.2.9/i18n/i18n.go:86 (0x1ba2c73)
	Sprintf: }
C:/Users/mensyli1/work/workspace/mwpath/pkg/mod/github.com/toolkits/pkg@v1.2.9/ginx/render.go:42 (0x1ba2969)
	Render.Message: if r.code == 200 {
C:/Users/mensyli1/work/workspace/mwpath/pkg/mod/github.com/toolkits/pkg@v1.2.9/ginx/render.go:57 (0x1ba30c9)
	Render.Data: }
C:/Users/mensyli1/work/workspace/middleware/src/controller/postgres/postgres.go:62 (0x1ba6185)
	GetPostgresByName: }
C:/Users/mensyli1/work/workspace/mwpath/pkg/mod/github.com/gin-gonic/gin@v1.7.4/context.go:165 (0x1ba83a7)
	(*Context).Next: c.index++
C:/Users/mensyli1/work/workspace/middleware/src/util/aop/jwt.go:19 (0x1ba838e)
	Auth.func1: 
C:/Users/mensyli1/work/workspace/mwpath/pkg/mod/github.com/gin-gonic/gin@v1.7.4/context.go:165 (0x1ba84cb)
	(*Context).Next: c.index++
C:/Users/mensyli1/work/workspace/middleware/src/util/aop/logrus.go:62 (0x1ba84a8)
	Logrus.func1: //结束时间
C:/Users/mensyli1/work/workspace/mwpath/pkg/mod/github.com/gin-gonic/gin@v1.7.4/context.go:165 (0x1ba743a)
	(*Context).Next: c.index++
C:/Users/mensyli1/work/workspace/middleware/src/util/aop/recovery.go:94 (0x1ba7426)
	CustomRecoveryWithWriter.func1: }
C:/Users/mensyli1/work/workspace/mwpath/pkg/mod/github.com/gin-gonic/gin@v1.7.4/context.go:165 (0x1b4bb7d)
	(*Context).Next: c.index++
C:/Users/mensyli1/work/workspace/mwpath/pkg/mod/github.com/gin-gonic/gin@v1.7.4/gin.go:489 (0x1b4b805)
	(*Engine).handleHTTPRequest: c.writermem.WriteHeaderNow()
C:/Users/mensyli1/work/workspace/mwpath/pkg/mod/github.com/gin-gonic/gin@v1.7.4/gin.go:445 (0x1b4b364)
	(*Engine).ServeHTTP: 
C:/install/Dev/Env/Go/src/net/http/server.go:2879 (0xeb459a)
	serverHandler.ServeHTTP: }
C:/install/Dev/Env/Go/src/net/http/server.go:1930 (0xeafc47)
	(*conn).serve: w.cancelCtx()
C:/install/Dev/Env/Go/src/runtime/asm_amd64.s:1581 (0xc04b00)
	goexit: CALL	runtime·goexit1(SB)	// does not return
[0m (github.com/mensylisir/kmpp-middleware/src/util/aop.CustomRecoveryWithWriter.func1.1: 82) {map[]} 
[2022-06-07 15:51:59] [INFO] [Recovery] 2022/06/07 - 15:51:59 panic recovered:
runtime error: invalid memory address or nil pointer dereference
C:/install/Dev/Env/Go/src/runtime/panic.go:221 (0xbe9b9c)
	panicmem: }
C:/install/Dev/Env/Go/src/runtime/signal_windows.go:254 (0xbe9b6c)
	sigpanic: }
C:/Users/mensyli1/work/workspace/mwpath/pkg/mod/golang.org/x/text@v0.3.7/message/print.go:48 (0x1b9be65)
	newPrinter: // TODO: cache most of the following call.
C:/Users/mensyli1/work/workspace/mwpath/pkg/mod/golang.org/x/text@v0.3.7/message/message.go:113 (0x1b9b758)
	(*Printer).Sprintf: lookupAndFormat(pp, key, a)
C:/Users/mensyli1/work/workspace/mwpath/pkg/mod/github.com/toolkits/pkg@v1.2.9/i18n/i18n.go:86 (0x1ba2c73)
	Sprintf: }
C:/Users/mensyli1/work/workspace/mwpath/pkg/mod/github.com/toolkits/pkg@v1.2.9/ginx/render.go:42 (0x1ba2969)
	Render.Message: if r.code == 200 {
C:/Users/mensyli1/work/workspace/mwpath/pkg/mod/github.com/toolkits/pkg@v1.2.9/ginx/render.go:57 (0x1ba30c9)
	Render.Data: }
C:/Users/mensyli1/work/workspace/middleware/src/controller/postgres/postgres.go:62 (0x1ba6185)
	GetPostgresByName: }
C:/Users/mensyli1/work/workspace/mwpath/pkg/mod/github.com/gin-gonic/gin@v1.7.4/context.go:165 (0x1ba83a7)
	(*Context).Next: c.index++
C:/Users/mensyli1/work/workspace/middleware/src/util/aop/jwt.go:19 (0x1ba838e)
	Auth.func1: 
C:/Users/mensyli1/work/workspace/mwpath/pkg/mod/github.com/gin-gonic/gin@v1.7.4/context.go:165 (0x1ba84cb)
	(*Context).Next: c.index++
C:/Users/mensyli1/work/workspace/middleware/src/util/aop/logrus.go:62 (0x1ba84a8)
	Logrus.func1: //结束时间
C:/Users/mensyli1/work/workspace/mwpath/pkg/mod/github.com/gin-gonic/gin@v1.7.4/context.go:165 (0x1ba743a)
	(*Context).Next: c.index++
C:/Users/mensyli1/work/workspace/middleware/src/util/aop/recovery.go:94 (0x1ba7426)
	CustomRecoveryWithWriter.func1: }
C:/Users/mensyli1/work/workspace/mwpath/pkg/mod/github.com/gin-gonic/gin@v1.7.4/context.go:165 (0x1b4bb7d)
	(*Context).Next: c.index++
C:/Users/mensyli1/work/workspace/mwpath/pkg/mod/github.com/gin-gonic/gin@v1.7.4/gin.go:489 (0x1b4b805)
	(*Engine).handleHTTPRequest: c.writermem.WriteHeaderNow()
C:/Users/mensyli1/work/workspace/mwpath/pkg/mod/github.com/gin-gonic/gin@v1.7.4/gin.go:445 (0x1b4b364)
	(*Engine).ServeHTTP: 
C:/install/Dev/Env/Go/src/net/http/server.go:2879 (0xeb459a)
	serverHandler.ServeHTTP: }
C:/install/Dev/Env/Go/src/net/http/server.go:1930 (0xeafc47)
	(*conn).serve: w.cancelCtx()
C:/install/Dev/Env/Go/src/runtime/asm_amd64.s:1581 (0xc04b00)
	goexit: CALL	runtime·goexit1(SB)	// does not return
[0m (github.com/mensylisir/kmpp-middleware/src/util/aop.CustomRecoveryWithWriter.func1.1: 82) {map[]} 
